2021-02-26 16:04:37.026  INFO 1804 --- [restartedMain] com.wholesale.anz.api.Application        : Starting Application on DESKTOP-4A0CK9B with PID 1804 (E:\habib\accenture\personal\infosys\accounts\target\classes started by AITIO in E:\habib\accenture\personal\infosys\accounts)
2021-02-26 16:04:37.032 DEBUG 1804 --- [restartedMain] com.wholesale.anz.api.Application        : Running with Spring Boot v2.3.8.RELEASE, Spring v5.2.12.RELEASE
2021-02-26 16:04:37.033  INFO 1804 --- [restartedMain] com.wholesale.anz.api.Application        : The following profiles are active: local
2021-02-26 16:04:37.075  INFO 1804 --- [restartedMain] .e.DevToolsPropertyDefaultsPostProcessor : Devtools property defaults active! Set 'spring.devtools.add-properties' to 'false' to disable
2021-02-26 16:04:37.839  INFO 1804 --- [restartedMain] .s.d.r.c.RepositoryConfigurationDelegate : Bootstrapping Spring Data JPA repositories in DEFAULT mode.
2021-02-26 16:04:37.880  INFO 1804 --- [restartedMain] .s.d.r.c.RepositoryConfigurationDelegate : Finished Spring Data repository scanning in 35ms. Found 2 JPA repository interfaces.
2021-02-26 16:04:38.372  INFO 1804 --- [restartedMain] o.s.b.w.embedded.tomcat.TomcatWebServer  : Tomcat initialized with port(s): 8080 (http)
2021-02-26 16:04:38.378  INFO 1804 --- [restartedMain] o.apache.catalina.core.StandardService   : Starting service [Tomcat]
2021-02-26 16:04:38.378  INFO 1804 --- [restartedMain] org.apache.catalina.core.StandardEngine  : Starting Servlet engine: [Apache Tomcat/9.0.41]
2021-02-26 16:04:38.449  INFO 1804 --- [restartedMain] o.a.c.c.C.[Tomcat].[localhost].[/]       : Initializing Spring embedded WebApplicationContext
2021-02-26 16:04:38.449  INFO 1804 --- [restartedMain] w.s.c.ServletWebServerApplicationContext : Root WebApplicationContext: initialization completed in 1370 ms
2021-02-26 16:04:38.537  INFO 1804 --- [restartedMain] com.zaxxer.hikari.HikariDataSource       : HikariPool-1 - Starting...
2021-02-26 16:04:38.680  INFO 1804 --- [restartedMain] com.zaxxer.hikari.HikariDataSource       : HikariPool-1 - Start completed.
2021-02-26 16:04:38.685  INFO 1804 --- [restartedMain] o.s.b.a.h2.H2ConsoleAutoConfiguration    : H2 console available at '/h2-console'. Database available at 'jdbc:h2:./data/anz'
2021-02-26 16:04:38.786  INFO 1804 --- [restartedMain] o.hibernate.jpa.internal.util.LogHelper  : HHH000204: Processing PersistenceUnitInfo [name: default]
2021-02-26 16:04:38.816  INFO 1804 --- [restartedMain] org.hibernate.Version                    : HHH000412: Hibernate ORM core version 5.4.27.Final
2021-02-26 16:04:38.894  INFO 1804 --- [restartedMain] o.hibernate.annotations.common.Version   : HCANN000001: Hibernate Commons Annotations {5.1.2.Final}
2021-02-26 16:04:38.965  INFO 1804 --- [restartedMain] org.hibernate.dialect.Dialect            : HHH000400: Using dialect: org.hibernate.dialect.H2Dialect
2021-02-26 16:04:39.396  INFO 1804 --- [restartedMain] o.h.e.t.j.p.i.JtaPlatformInitiator       : HHH000490: Using JtaPlatform implementation: [org.hibernate.engine.transaction.jta.platform.internal.NoJtaPlatform]
2021-02-26 16:04:39.403  INFO 1804 --- [restartedMain] j.LocalContainerEntityManagerFactoryBean : Initialized JPA EntityManagerFactory for persistence unit 'default'
2021-02-26 16:04:39.416  INFO 1804 --- [restartedMain] o.s.b.d.a.OptionalLiveReloadServer       : LiveReload server is running on port 35729
2021-02-26 16:04:39.778  WARN 1804 --- [restartedMain] JpaBaseConfiguration$JpaWebConfiguration : spring.jpa.open-in-view is enabled by default. Therefore, database queries may be performed during view rendering. Explicitly configure spring.jpa.open-in-view to disable this warning
2021-02-26 16:04:39.932  INFO 1804 --- [restartedMain] o.s.b.a.e.web.EndpointLinksResolver      : Exposing 7 endpoint(s) beneath base path '/actuator'
2021-02-26 16:04:40.076  INFO 1804 --- [restartedMain] o.s.s.concurrent.ThreadPoolTaskExecutor  : Initializing ExecutorService 'applicationTaskExecutor'
2021-02-26 16:04:40.408  INFO 1804 --- [restartedMain] o.s.b.w.embedded.tomcat.TomcatWebServer  : Tomcat started on port(s): 8080 (http) with context path ''
2021-02-26 16:04:40.731  INFO 1804 --- [restartedMain] com.wholesale.anz.api.Application        : Started Application in 4.001 seconds (JVM running for 4.422)
2021-02-26 16:05:40.798  INFO 1804 --- [http-nio-8080-exec-2] o.a.c.c.C.[Tomcat].[localhost].[/]       : Initializing Spring DispatcherServlet 'dispatcherServlet'
2021-02-26 16:05:40.799  INFO 1804 --- [http-nio-8080-exec-2] o.s.web.servlet.DispatcherServlet        : Initializing Servlet 'dispatcherServlet'
2021-02-26 16:05:40.805  INFO 1804 --- [http-nio-8080-exec-2] o.s.web.servlet.DispatcherServlet        : Completed initialization in 5 ms
2021-02-26 16:07:46.753  INFO 1804 --- [Thread-6] o.s.b.w.e.tomcat.GracefulShutdown        : Commencing graceful shutdown. Waiting for active requests to complete
2021-02-26 16:07:46.925  INFO 1804 --- [tomcat-shutdown] o.s.b.w.e.tomcat.GracefulShutdown        : Graceful shutdown complete
2021-02-26 16:07:46.973  INFO 1804 --- [Thread-6] o.s.s.concurrent.ThreadPoolTaskExecutor  : Shutting down ExecutorService 'applicationTaskExecutor'
2021-02-26 16:07:46.976  INFO 1804 --- [Thread-6] j.LocalContainerEntityManagerFactoryBean : Closing JPA EntityManagerFactory for persistence unit 'default'
2021-02-26 16:07:46.979  INFO 1804 --- [Thread-6] com.zaxxer.hikari.HikariDataSource       : HikariPool-1 - Shutdown initiated...
2021-02-26 16:07:47.251  INFO 1804 --- [Thread-6] com.zaxxer.hikari.HikariDataSource       : HikariPool-1 - Shutdown completed.
2021-02-26 16:07:47.494  INFO 1804 --- [restartedMain] com.wholesale.anz.api.Application        : Starting Application on DESKTOP-4A0CK9B with PID 1804 (E:\habib\accenture\personal\infosys\accounts\target\classes started by AITIO in E:\habib\accenture\personal\infosys\accounts)
2021-02-26 16:07:47.494 DEBUG 1804 --- [restartedMain] com.wholesale.anz.api.Application        : Running with Spring Boot v2.3.8.RELEASE, Spring v5.2.12.RELEASE
2021-02-26 16:07:47.495  INFO 1804 --- [restartedMain] com.wholesale.anz.api.Application        : The following profiles are active: local
2021-02-26 16:07:47.768  INFO 1804 --- [restartedMain] .s.d.r.c.RepositoryConfigurationDelegate : Bootstrapping Spring Data JPA repositories in DEFAULT mode.
2021-02-26 16:07:47.776  INFO 1804 --- [restartedMain] .s.d.r.c.RepositoryConfigurationDelegate : Finished Spring Data repository scanning in 7ms. Found 2 JPA repository interfaces.
2021-02-26 16:07:47.891  INFO 1804 --- [restartedMain] o.s.b.w.embedded.tomcat.TomcatWebServer  : Tomcat initialized with port(s): 8080 (http)
2021-02-26 16:07:47.891  INFO 1804 --- [restartedMain] o.apache.catalina.core.StandardService   : Starting service [Tomcat]
2021-02-26 16:07:47.892  INFO 1804 --- [restartedMain] org.apache.catalina.core.StandardEngine  : Starting Servlet engine: [Apache Tomcat/9.0.41]
2021-02-26 16:07:47.905  INFO 1804 --- [restartedMain] o.a.c.c.C.[Tomcat].[localhost].[/]       : Initializing Spring embedded WebApplicationContext
2021-02-26 16:07:47.905  INFO 1804 --- [restartedMain] w.s.c.ServletWebServerApplicationContext : Root WebApplicationContext: initialization completed in 408 ms
2021-02-26 16:07:47.938  INFO 1804 --- [restartedMain] com.zaxxer.hikari.HikariDataSource       : HikariPool-2 - Starting...
2021-02-26 16:07:47.946  INFO 1804 --- [restartedMain] com.zaxxer.hikari.HikariDataSource       : HikariPool-2 - Start completed.
2021-02-26 16:07:47.946  INFO 1804 --- [restartedMain] o.s.b.a.h2.H2ConsoleAutoConfiguration    : H2 console available at '/h2-console'. Database available at 'jdbc:h2:./data/anz'
2021-02-26 16:07:47.990  INFO 1804 --- [restartedMain] o.hibernate.jpa.internal.util.LogHelper  : HHH000204: Processing PersistenceUnitInfo [name: default]
2021-02-26 16:07:47.997  INFO 1804 --- [restartedMain] org.hibernate.dialect.Dialect            : HHH000400: Using dialect: org.hibernate.dialect.H2Dialect
2021-02-26 16:07:48.050  INFO 1804 --- [restartedMain] o.h.e.t.j.p.i.JtaPlatformInitiator       : HHH000490: Using JtaPlatform implementation: [org.hibernate.engine.transaction.jta.platform.internal.NoJtaPlatform]
2021-02-26 16:07:48.050  INFO 1804 --- [restartedMain] j.LocalContainerEntityManagerFactoryBean : Initialized JPA EntityManagerFactory for persistence unit 'default'
2021-02-26 16:07:48.057  INFO 1804 --- [restartedMain] o.s.b.d.a.OptionalLiveReloadServer       : LiveReload server is running on port 35729
2021-02-26 16:07:48.142  WARN 1804 --- [restartedMain] JpaBaseConfiguration$JpaWebConfiguration : spring.jpa.open-in-view is enabled by default. Therefore, database queries may be performed during view rendering. Explicitly configure spring.jpa.open-in-view to disable this warning
2021-02-26 16:07:48.200  INFO 1804 --- [restartedMain] o.s.b.a.e.web.EndpointLinksResolver      : Exposing 7 endpoint(s) beneath base path '/actuator'
2021-02-26 16:07:48.252  INFO 1804 --- [restartedMain] o.s.s.concurrent.ThreadPoolTaskExecutor  : Initializing ExecutorService 'applicationTaskExecutor'
2021-02-26 16:07:48.528  INFO 1804 --- [restartedMain] o.s.b.w.embedded.tomcat.TomcatWebServer  : Tomcat started on port(s): 8080 (http) with context path ''
2021-02-26 16:07:48.601  INFO 1804 --- [restartedMain] com.wholesale.anz.api.Application        : Started Application in 1.146 seconds (JVM running for 192.293)
2021-02-26 16:07:48.631  INFO 1804 --- [restartedMain] .ConditionEvaluationDeltaLoggingListener : Condition evaluation unchanged
2021-02-26 16:08:21.419  INFO 1804 --- [SpringContextShutdownHook] o.s.b.w.e.tomcat.GracefulShutdown        : Commencing graceful shutdown. Waiting for active requests to complete
2021-02-26 16:08:21.568  INFO 1804 --- [tomcat-shutdown] o.s.b.w.e.tomcat.GracefulShutdown        : Graceful shutdown complete
2021-02-26 16:08:21.636  INFO 1804 --- [SpringContextShutdownHook] o.s.s.concurrent.ThreadPoolTaskExecutor  : Shutting down ExecutorService 'applicationTaskExecutor'
2021-02-26 16:08:21.644  INFO 1804 --- [SpringContextShutdownHook] j.LocalContainerEntityManagerFactoryBean : Closing JPA EntityManagerFactory for persistence unit 'default'
2021-02-26 16:08:21.649  INFO 1804 --- [SpringContextShutdownHook] com.zaxxer.hikari.HikariDataSource       : HikariPool-2 - Shutdown initiated...
2021-02-26 16:08:21.664  INFO 1804 --- [SpringContextShutdownHook] com.zaxxer.hikari.HikariDataSource       : HikariPool-2 - Shutdown completed.
2021-02-26 16:10:20.328  INFO 14180 --- [restartedMain] com.wholesale.anz.api.Application        : Starting Application on DESKTOP-4A0CK9B with PID 14180 (E:\habib\accenture\personal\infosys\accounts\target\classes started by AITIO in E:\habib\accenture\personal\infosys\accounts)
2021-02-26 16:10:20.330 DEBUG 14180 --- [restartedMain] com.wholesale.anz.api.Application        : Running with Spring Boot v2.3.8.RELEASE, Spring v5.2.12.RELEASE
2021-02-26 16:10:20.331  INFO 14180 --- [restartedMain] com.wholesale.anz.api.Application        : The following profiles are active: local
2021-02-26 16:10:20.379  INFO 14180 --- [restartedMain] .e.DevToolsPropertyDefaultsPostProcessor : Devtools property defaults active! Set 'spring.devtools.add-properties' to 'false' to disable
2021-02-26 16:10:21.170  INFO 14180 --- [restartedMain] .s.d.r.c.RepositoryConfigurationDelegate : Bootstrapping Spring Data JPA repositories in DEFAULT mode.
2021-02-26 16:10:21.214  INFO 14180 --- [restartedMain] .s.d.r.c.RepositoryConfigurationDelegate : Finished Spring Data repository scanning in 37ms. Found 2 JPA repository interfaces.
2021-02-26 16:10:21.713  INFO 14180 --- [restartedMain] o.s.b.w.embedded.tomcat.TomcatWebServer  : Tomcat initialized with port(s): 8080 (http)
2021-02-26 16:10:21.721  INFO 14180 --- [restartedMain] o.apache.catalina.core.StandardService   : Starting service [Tomcat]
2021-02-26 16:10:21.721  INFO 14180 --- [restartedMain] org.apache.catalina.core.StandardEngine  : Starting Servlet engine: [Apache Tomcat/9.0.41]
2021-02-26 16:10:21.794  INFO 14180 --- [restartedMain] o.a.c.c.C.[Tomcat].[localhost].[/]       : Initializing Spring embedded WebApplicationContext
2021-02-26 16:10:21.795  INFO 14180 --- [restartedMain] w.s.c.ServletWebServerApplicationContext : Root WebApplicationContext: initialization completed in 1415 ms
2021-02-26 16:10:21.890  INFO 14180 --- [restartedMain] com.zaxxer.hikari.HikariDataSource       : HikariPool-1 - Starting...
2021-02-26 16:10:22.037  INFO 14180 --- [restartedMain] com.zaxxer.hikari.HikariDataSource       : HikariPool-1 - Start completed.
2021-02-26 16:10:22.042  INFO 14180 --- [restartedMain] o.s.b.a.h2.H2ConsoleAutoConfiguration    : H2 console available at '/h2-console'. Database available at 'jdbc:h2:./data/anz'
2021-02-26 16:10:22.155  INFO 14180 --- [restartedMain] o.hibernate.jpa.internal.util.LogHelper  : HHH000204: Processing PersistenceUnitInfo [name: default]
2021-02-26 16:10:22.190  INFO 14180 --- [restartedMain] org.hibernate.Version                    : HHH000412: Hibernate ORM core version 5.4.27.Final
2021-02-26 16:10:22.270  INFO 14180 --- [restartedMain] o.hibernate.annotations.common.Version   : HCANN000001: Hibernate Commons Annotations {5.1.2.Final}
2021-02-26 16:10:22.342  INFO 14180 --- [restartedMain] org.hibernate.dialect.Dialect            : HHH000400: Using dialect: org.hibernate.dialect.H2Dialect
2021-02-26 16:10:22.783  INFO 14180 --- [restartedMain] o.h.e.t.j.p.i.JtaPlatformInitiator       : HHH000490: Using JtaPlatform implementation: [org.hibernate.engine.transaction.jta.platform.internal.NoJtaPlatform]
2021-02-26 16:10:22.790  INFO 14180 --- [restartedMain] j.LocalContainerEntityManagerFactoryBean : Initialized JPA EntityManagerFactory for persistence unit 'default'
2021-02-26 16:10:22.802  INFO 14180 --- [restartedMain] o.s.b.d.a.OptionalLiveReloadServer       : LiveReload server is running on port 35729
2021-02-26 16:10:23.154  WARN 14180 --- [restartedMain] JpaBaseConfiguration$JpaWebConfiguration : spring.jpa.open-in-view is enabled by default. Therefore, database queries may be performed during view rendering. Explicitly configure spring.jpa.open-in-view to disable this warning
2021-02-26 16:10:23.310  INFO 14180 --- [restartedMain] o.s.b.a.e.web.EndpointLinksResolver      : Exposing 7 endpoint(s) beneath base path '/actuator'
2021-02-26 16:10:23.467  INFO 14180 --- [restartedMain] o.s.s.concurrent.ThreadPoolTaskExecutor  : Initializing ExecutorService 'applicationTaskExecutor'
2021-02-26 16:10:23.805  INFO 14180 --- [restartedMain] o.s.b.w.embedded.tomcat.TomcatWebServer  : Tomcat started on port(s): 8080 (http) with context path ''
2021-02-26 16:10:24.126  INFO 14180 --- [restartedMain] com.wholesale.anz.api.Application        : Started Application in 4.105 seconds (JVM running for 4.534)
2021-02-26 16:10:39.308  INFO 14180 --- [http-nio-8080-exec-1] o.a.c.c.C.[Tomcat].[localhost].[/]       : Initializing Spring DispatcherServlet 'dispatcherServlet'
2021-02-26 16:10:39.309  INFO 14180 --- [http-nio-8080-exec-1] o.s.web.servlet.DispatcherServlet        : Initializing Servlet 'dispatcherServlet'
2021-02-26 16:10:39.313  INFO 14180 --- [http-nio-8080-exec-1] o.s.web.servlet.DispatcherServlet        : Completed initialization in 4 ms
2021-02-26 16:12:45.886  INFO 14180 --- [SpringContextShutdownHook] o.s.b.w.e.tomcat.GracefulShutdown        : Commencing graceful shutdown. Waiting for active requests to complete
2021-02-26 16:12:46.037  INFO 14180 --- [tomcat-shutdown] o.s.b.w.e.tomcat.GracefulShutdown        : Graceful shutdown complete
2021-02-26 16:12:46.122  INFO 14180 --- [SpringContextShutdownHook] o.s.s.concurrent.ThreadPoolTaskExecutor  : Shutting down ExecutorService 'applicationTaskExecutor'
2021-02-26 16:12:46.135  INFO 14180 --- [SpringContextShutdownHook] j.LocalContainerEntityManagerFactoryBean : Closing JPA EntityManagerFactory for persistence unit 'default'
2021-02-26 16:12:46.147  INFO 14180 --- [SpringContextShutdownHook] com.zaxxer.hikari.HikariDataSource       : HikariPool-1 - Shutdown initiated...
2021-02-26 16:12:46.152  INFO 14180 --- [SpringContextShutdownHook] com.zaxxer.hikari.HikariDataSource       : HikariPool-1 - Shutdown completed.
2021-02-26 17:12:17.956  INFO 10524 --- [restartedMain] com.wholesale.anz.api.Application        : Starting Application on DESKTOP-4A0CK9B with PID 10524 (E:\habib\accenture\personal\infosys\accounts\target\classes started by AITIO in E:\habib\accenture\personal\infosys\accounts)
2021-02-26 17:12:17.958 DEBUG 10524 --- [restartedMain] com.wholesale.anz.api.Application        : Running with Spring Boot v2.3.8.RELEASE, Spring v5.2.12.RELEASE
2021-02-26 17:12:17.958  INFO 10524 --- [restartedMain] com.wholesale.anz.api.Application        : The following profiles are active: local
2021-02-26 17:12:17.993  INFO 10524 --- [restartedMain] .e.DevToolsPropertyDefaultsPostProcessor : Devtools property defaults active! Set 'spring.devtools.add-properties' to 'false' to disable
2021-02-26 17:12:18.753  INFO 10524 --- [restartedMain] .s.d.r.c.RepositoryConfigurationDelegate : Bootstrapping Spring Data JPA repositories in DEFAULT mode.
2021-02-26 17:12:18.797  INFO 10524 --- [restartedMain] .s.d.r.c.RepositoryConfigurationDelegate : Finished Spring Data repository scanning in 37ms. Found 2 JPA repository interfaces.
2021-02-26 17:12:19.313  INFO 10524 --- [restartedMain] o.s.b.w.embedded.tomcat.TomcatWebServer  : Tomcat initialized with port(s): 8080 (http)
2021-02-26 17:12:19.320  INFO 10524 --- [restartedMain] o.apache.catalina.core.StandardService   : Starting service [Tomcat]
2021-02-26 17:12:19.321  INFO 10524 --- [restartedMain] org.apache.catalina.core.StandardEngine  : Starting Servlet engine: [Apache Tomcat/9.0.41]
2021-02-26 17:12:19.411  INFO 10524 --- [restartedMain] o.a.c.c.C.[Tomcat].[localhost].[/]       : Initializing Spring embedded WebApplicationContext
2021-02-26 17:12:19.412  INFO 10524 --- [restartedMain] w.s.c.ServletWebServerApplicationContext : Root WebApplicationContext: initialization completed in 1418 ms
2021-02-26 17:12:19.507  INFO 10524 --- [restartedMain] com.zaxxer.hikari.HikariDataSource       : HikariPool-1 - Starting...
2021-02-26 17:12:19.665  INFO 10524 --- [restartedMain] com.zaxxer.hikari.HikariDataSource       : HikariPool-1 - Start completed.
2021-02-26 17:12:19.669  INFO 10524 --- [restartedMain] o.s.b.a.h2.H2ConsoleAutoConfiguration    : H2 console available at '/h2-console'. Database available at 'jdbc:h2:./data/anz'
2021-02-26 17:12:19.770  INFO 10524 --- [restartedMain] o.hibernate.jpa.internal.util.LogHelper  : HHH000204: Processing PersistenceUnitInfo [name: default]
2021-02-26 17:12:19.802  INFO 10524 --- [restartedMain] org.hibernate.Version                    : HHH000412: Hibernate ORM core version 5.4.27.Final
2021-02-26 17:12:19.884  INFO 10524 --- [restartedMain] o.hibernate.annotations.common.Version   : HCANN000001: Hibernate Commons Annotations {5.1.2.Final}
2021-02-26 17:12:19.992  INFO 10524 --- [restartedMain] org.hibernate.dialect.Dialect            : HHH000400: Using dialect: org.hibernate.dialect.H2Dialect
2021-02-26 17:12:20.495  INFO 10524 --- [restartedMain] o.h.e.t.j.p.i.JtaPlatformInitiator       : HHH000490: Using JtaPlatform implementation: [org.hibernate.engine.transaction.jta.platform.internal.NoJtaPlatform]
2021-02-26 17:12:20.510  INFO 10524 --- [restartedMain] j.LocalContainerEntityManagerFactoryBean : Initialized JPA EntityManagerFactory for persistence unit 'default'
2021-02-26 17:12:20.538  INFO 10524 --- [restartedMain] o.s.b.d.a.OptionalLiveReloadServer       : LiveReload server is running on port 35729
2021-02-26 17:12:20.915  WARN 10524 --- [restartedMain] JpaBaseConfiguration$JpaWebConfiguration : spring.jpa.open-in-view is enabled by default. Therefore, database queries may be performed during view rendering. Explicitly configure spring.jpa.open-in-view to disable this warning
2021-02-26 17:12:21.074  INFO 10524 --- [restartedMain] o.s.b.a.e.web.EndpointLinksResolver      : Exposing 7 endpoint(s) beneath base path '/actuator'
2021-02-26 17:12:21.260  INFO 10524 --- [restartedMain] o.s.s.concurrent.ThreadPoolTaskExecutor  : Initializing ExecutorService 'applicationTaskExecutor'
2021-02-26 17:12:21.616  WARN 10524 --- [restartedMain] ConfigServletWebServerApplicationContext : Exception encountered during context initialization - cancelling refresh attempt: org.springframework.context.ApplicationContextException: Failed to start bean 'webServerStartStop'; nested exception is org.springframework.boot.web.server.PortInUseException: Port 8080 is already in use
2021-02-26 17:12:21.617  INFO 10524 --- [restartedMain] o.s.s.concurrent.ThreadPoolTaskExecutor  : Shutting down ExecutorService 'applicationTaskExecutor'
2021-02-26 17:12:21.620  INFO 10524 --- [restartedMain] j.LocalContainerEntityManagerFactoryBean : Closing JPA EntityManagerFactory for persistence unit 'default'
2021-02-26 17:12:21.623  INFO 10524 --- [restartedMain] com.zaxxer.hikari.HikariDataSource       : HikariPool-1 - Shutdown initiated...
2021-02-26 17:12:21.979  INFO 10524 --- [restartedMain] com.zaxxer.hikari.HikariDataSource       : HikariPool-1 - Shutdown completed.
2021-02-26 17:12:21.988  INFO 10524 --- [restartedMain] o.apache.catalina.core.StandardService   : Stopping service [Tomcat]
2021-02-26 17:12:22.039  INFO 10524 --- [restartedMain] ConditionEvaluationReportLoggingListener : 

Error starting ApplicationContext. To display the conditions report re-run your application with 'debug' enabled.
2021-02-26 17:12:22.053 ERROR 10524 --- [restartedMain] o.s.b.d.LoggingFailureAnalysisReporter   : 

***************************
APPLICATION FAILED TO START
***************************

Description:

Web server failed to start. Port 8080 was already in use.

Action:

Identify and stop the process that's listening on port 8080 or configure this application to listen on another port.

2021-02-26 17:12:49.820  INFO 7040 --- [restartedMain] com.wholesale.anz.api.Application        : Starting Application on DESKTOP-4A0CK9B with PID 7040 (E:\habib\accenture\personal\infosys\accounts\target\classes started by AITIO in E:\habib\accenture\personal\infosys\accounts)
2021-02-26 17:12:49.823 DEBUG 7040 --- [restartedMain] com.wholesale.anz.api.Application        : Running with Spring Boot v2.3.8.RELEASE, Spring v5.2.12.RELEASE
2021-02-26 17:12:49.824  INFO 7040 --- [restartedMain] com.wholesale.anz.api.Application        : The following profiles are active: local
2021-02-26 17:12:49.866  INFO 7040 --- [restartedMain] .e.DevToolsPropertyDefaultsPostProcessor : Devtools property defaults active! Set 'spring.devtools.add-properties' to 'false' to disable
2021-02-26 17:12:50.605  INFO 7040 --- [restartedMain] .s.d.r.c.RepositoryConfigurationDelegate : Bootstrapping Spring Data JPA repositories in DEFAULT mode.
2021-02-26 17:12:50.647  INFO 7040 --- [restartedMain] .s.d.r.c.RepositoryConfigurationDelegate : Finished Spring Data repository scanning in 35ms. Found 2 JPA repository interfaces.
2021-02-26 17:12:51.241  INFO 7040 --- [restartedMain] o.s.b.w.embedded.tomcat.TomcatWebServer  : Tomcat initialized with port(s): 8080 (http)
2021-02-26 17:12:51.247  INFO 7040 --- [restartedMain] o.apache.catalina.core.StandardService   : Starting service [Tomcat]
2021-02-26 17:12:51.248  INFO 7040 --- [restartedMain] org.apache.catalina.core.StandardEngine  : Starting Servlet engine: [Apache Tomcat/9.0.41]
2021-02-26 17:12:51.321  INFO 7040 --- [restartedMain] o.a.c.c.C.[Tomcat].[localhost].[/]       : Initializing Spring embedded WebApplicationContext
2021-02-26 17:12:51.321  INFO 7040 --- [restartedMain] w.s.c.ServletWebServerApplicationContext : Root WebApplicationContext: initialization completed in 1455 ms
2021-02-26 17:12:51.408  INFO 7040 --- [restartedMain] com.zaxxer.hikari.HikariDataSource       : HikariPool-1 - Starting...
2021-02-26 17:12:51.568  INFO 7040 --- [restartedMain] com.zaxxer.hikari.HikariDataSource       : HikariPool-1 - Start completed.
2021-02-26 17:12:51.573  INFO 7040 --- [restartedMain] o.s.b.a.h2.H2ConsoleAutoConfiguration    : H2 console available at '/h2-console'. Database available at 'jdbc:h2:./data/anz'
2021-02-26 17:12:51.672  INFO 7040 --- [restartedMain] o.hibernate.jpa.internal.util.LogHelper  : HHH000204: Processing PersistenceUnitInfo [name: default]
2021-02-26 17:12:51.703  INFO 7040 --- [restartedMain] org.hibernate.Version                    : HHH000412: Hibernate ORM core version 5.4.27.Final
2021-02-26 17:12:51.782  INFO 7040 --- [restartedMain] o.hibernate.annotations.common.Version   : HCANN000001: Hibernate Commons Annotations {5.1.2.Final}
2021-02-26 17:12:51.871  INFO 7040 --- [restartedMain] org.hibernate.dialect.Dialect            : HHH000400: Using dialect: org.hibernate.dialect.H2Dialect
2021-02-26 17:12:52.306  INFO 7040 --- [restartedMain] o.h.e.t.j.p.i.JtaPlatformInitiator       : HHH000490: Using JtaPlatform implementation: [org.hibernate.engine.transaction.jta.platform.internal.NoJtaPlatform]
2021-02-26 17:12:52.312  INFO 7040 --- [restartedMain] j.LocalContainerEntityManagerFactoryBean : Initialized JPA EntityManagerFactory for persistence unit 'default'
2021-02-26 17:12:52.325  INFO 7040 --- [restartedMain] o.s.b.d.a.OptionalLiveReloadServer       : LiveReload server is running on port 35729
2021-02-26 17:12:52.676  WARN 7040 --- [restartedMain] JpaBaseConfiguration$JpaWebConfiguration : spring.jpa.open-in-view is enabled by default. Therefore, database queries may be performed during view rendering. Explicitly configure spring.jpa.open-in-view to disable this warning
2021-02-26 17:12:52.826  INFO 7040 --- [restartedMain] o.s.b.a.e.web.EndpointLinksResolver      : Exposing 7 endpoint(s) beneath base path '/actuator'
2021-02-26 17:12:52.984  INFO 7040 --- [restartedMain] o.s.s.concurrent.ThreadPoolTaskExecutor  : Initializing ExecutorService 'applicationTaskExecutor'
2021-02-26 17:12:53.341  INFO 7040 --- [restartedMain] o.s.b.w.embedded.tomcat.TomcatWebServer  : Tomcat started on port(s): 8080 (http) with context path ''
2021-02-26 17:12:53.665  INFO 7040 --- [restartedMain] com.wholesale.anz.api.Application        : Started Application in 4.162 seconds (JVM running for 4.559)
2021-02-26 17:13:34.729  INFO 7040 --- [Thread-6] o.s.b.w.e.tomcat.GracefulShutdown        : Commencing graceful shutdown. Waiting for active requests to complete
2021-02-26 17:13:34.867  INFO 7040 --- [tomcat-shutdown] o.s.b.w.e.tomcat.GracefulShutdown        : Graceful shutdown complete
2021-02-26 17:13:34.923  INFO 7040 --- [Thread-6] o.s.s.concurrent.ThreadPoolTaskExecutor  : Shutting down ExecutorService 'applicationTaskExecutor'
2021-02-26 17:13:34.936  INFO 7040 --- [Thread-6] j.LocalContainerEntityManagerFactoryBean : Closing JPA EntityManagerFactory for persistence unit 'default'
2021-02-26 17:13:34.948  INFO 7040 --- [Thread-6] com.zaxxer.hikari.HikariDataSource       : HikariPool-1 - Shutdown initiated...
2021-02-26 17:13:35.249  INFO 7040 --- [Thread-6] com.zaxxer.hikari.HikariDataSource       : HikariPool-1 - Shutdown completed.
2021-02-26 17:13:35.444  INFO 7040 --- [restartedMain] com.wholesale.anz.api.Application        : Starting Application on DESKTOP-4A0CK9B with PID 7040 (E:\habib\accenture\personal\infosys\accounts\target\classes started by AITIO in E:\habib\accenture\personal\infosys\accounts)
2021-02-26 17:13:35.444 DEBUG 7040 --- [restartedMain] com.wholesale.anz.api.Application        : Running with Spring Boot v2.3.8.RELEASE, Spring v5.2.12.RELEASE
2021-02-26 17:13:35.444  INFO 7040 --- [restartedMain] com.wholesale.anz.api.Application        : The following profiles are active: local
2021-02-26 17:13:35.716  INFO 7040 --- [restartedMain] .s.d.r.c.RepositoryConfigurationDelegate : Bootstrapping Spring Data JPA repositories in DEFAULT mode.
2021-02-26 17:13:35.723  INFO 7040 --- [restartedMain] .s.d.r.c.RepositoryConfigurationDelegate : Finished Spring Data repository scanning in 6ms. Found 2 JPA repository interfaces.
2021-02-26 17:13:35.836  INFO 7040 --- [restartedMain] o.s.b.w.embedded.tomcat.TomcatWebServer  : Tomcat initialized with port(s): 8080 (http)
2021-02-26 17:13:35.837  INFO 7040 --- [restartedMain] o.apache.catalina.core.StandardService   : Starting service [Tomcat]
2021-02-26 17:13:35.840  INFO 7040 --- [restartedMain] org.apache.catalina.core.StandardEngine  : Starting Servlet engine: [Apache Tomcat/9.0.41]
2021-02-26 17:13:35.852  INFO 7040 --- [restartedMain] o.a.c.c.C.[Tomcat].[localhost].[/]       : Initializing Spring embedded WebApplicationContext
2021-02-26 17:13:35.852  INFO 7040 --- [restartedMain] w.s.c.ServletWebServerApplicationContext : Root WebApplicationContext: initialization completed in 405 ms
2021-02-26 17:13:35.883  INFO 7040 --- [restartedMain] com.zaxxer.hikari.HikariDataSource       : HikariPool-2 - Starting...
2021-02-26 17:13:35.889  INFO 7040 --- [restartedMain] com.zaxxer.hikari.HikariDataSource       : HikariPool-2 - Start completed.
2021-02-26 17:13:35.890  INFO 7040 --- [restartedMain] o.s.b.a.h2.H2ConsoleAutoConfiguration    : H2 console available at '/h2-console'. Database available at 'jdbc:h2:./data/anz'
2021-02-26 17:13:35.928  INFO 7040 --- [restartedMain] o.hibernate.jpa.internal.util.LogHelper  : HHH000204: Processing PersistenceUnitInfo [name: default]
2021-02-26 17:13:35.931  INFO 7040 --- [restartedMain] org.hibernate.dialect.Dialect            : HHH000400: Using dialect: org.hibernate.dialect.H2Dialect
2021-02-26 17:13:35.971  INFO 7040 --- [restartedMain] o.h.e.t.j.p.i.JtaPlatformInitiator       : HHH000490: Using JtaPlatform implementation: [org.hibernate.engine.transaction.jta.platform.internal.NoJtaPlatform]
2021-02-26 17:13:35.971  INFO 7040 --- [restartedMain] j.LocalContainerEntityManagerFactoryBean : Initialized JPA EntityManagerFactory for persistence unit 'default'
2021-02-26 17:13:35.975  INFO 7040 --- [restartedMain] o.s.b.d.a.OptionalLiveReloadServer       : LiveReload server is running on port 35729
2021-02-26 17:13:36.060  WARN 7040 --- [restartedMain] JpaBaseConfiguration$JpaWebConfiguration : spring.jpa.open-in-view is enabled by default. Therefore, database queries may be performed during view rendering. Explicitly configure spring.jpa.open-in-view to disable this warning
2021-02-26 17:13:36.118  INFO 7040 --- [restartedMain] o.s.b.a.e.web.EndpointLinksResolver      : Exposing 7 endpoint(s) beneath base path '/actuator'
2021-02-26 17:13:36.169  INFO 7040 --- [restartedMain] o.s.s.concurrent.ThreadPoolTaskExecutor  : Initializing ExecutorService 'applicationTaskExecutor'
2021-02-26 17:13:36.445  INFO 7040 --- [restartedMain] o.s.b.w.embedded.tomcat.TomcatWebServer  : Tomcat started on port(s): 8080 (http) with context path ''
2021-02-26 17:13:36.516  INFO 7040 --- [restartedMain] com.wholesale.anz.api.Application        : Started Application in 1.105 seconds (JVM running for 47.41)
2021-02-26 17:13:36.544  INFO 7040 --- [restartedMain] .ConditionEvaluationDeltaLoggingListener : Condition evaluation unchanged
2021-02-26 17:13:45.501  INFO 7040 --- [http-nio-8080-exec-1] o.a.c.c.C.[Tomcat].[localhost].[/]       : Initializing Spring DispatcherServlet 'dispatcherServlet'
2021-02-26 17:13:45.502  INFO 7040 --- [http-nio-8080-exec-1] o.s.web.servlet.DispatcherServlet        : Initializing Servlet 'dispatcherServlet'
2021-02-26 17:13:45.511  INFO 7040 --- [http-nio-8080-exec-1] o.s.web.servlet.DispatcherServlet        : Completed initialization in 8 ms
2021-02-26 17:14:10.891  INFO 7040 --- [SpringContextShutdownHook] o.s.b.w.e.tomcat.GracefulShutdown        : Commencing graceful shutdown. Waiting for active requests to complete
2021-02-26 17:14:11.052  INFO 7040 --- [tomcat-shutdown] o.s.b.w.e.tomcat.GracefulShutdown        : Graceful shutdown complete
2021-02-26 17:14:11.125  INFO 7040 --- [SpringContextShutdownHook] o.s.s.concurrent.ThreadPoolTaskExecutor  : Shutting down ExecutorService 'applicationTaskExecutor'
2021-02-26 17:14:11.132  INFO 7040 --- [SpringContextShutdownHook] j.LocalContainerEntityManagerFactoryBean : Closing JPA EntityManagerFactory for persistence unit 'default'
2021-02-26 17:14:11.135  INFO 7040 --- [SpringContextShutdownHook] com.zaxxer.hikari.HikariDataSource       : HikariPool-2 - Shutdown initiated...
2021-02-26 17:14:11.147  INFO 7040 --- [SpringContextShutdownHook] com.zaxxer.hikari.HikariDataSource       : HikariPool-2 - Shutdown completed.
